<?xml version="1.0" encoding="UTF-8"?>
<!-- Generated by org.testng.reporters.JUnitReportReporter -->
<testsuite skipped="0" hostname="DESKTOP-PCH3F9Q" name="demoone.mavensecond.Demo" tests="1" failures="0" timestamp="04 Mar 2022 15:23:54 GMT" time="0.031" errors="0">
  <testcase name="hello" time="0.031" classname="demoone.mavensecond.Demo"/>
</testsuite> <!-- demoone.mavensecond.Demo -->
