<?xml version="1.0" encoding="UTF-8"?>
<!-- Generated by org.testng.reporters.JUnitReportReporter -->
<testsuite skipped="0" hostname="DESKTOP-PCH3F9Q" name="demoone.mavensecond.Demo" tests="1" failures="0" timestamp="2022-03-04T20:56:44 IST" time="0.008" errors="0">
  <testcase name="hello" time="0.008" classname="demoone.mavensecond.Demo"/>
  <system-out/>
</testsuite> <!-- demoone.mavensecond.Demo -->
